<?xml version="1.0" encoding="UTF-8"?>
<!-- Generated by org.testng.reporters.JUnitReportReporter -->
<testsuite hostname="Jesuwin" failures="0" tests="1" name="testcases.test" time="0.000" errors="0" timestamp="09 Apr 2020 19:44:00 GMT" skipped="1">
  <testcase classname="testcases.test" name="f" time="0.000">
    <skipped/>
  </testcase> <!-- f -->
</testsuite> <!-- testcases.test -->
