<?xml version="1.0" encoding="UTF-8"?>
<!-- Generated by org.testng.reporters.JUnitReportReporter -->
<testsuite skipped="2" hostname="Ravi" name="com.htc.orange.testcases.AdminTest" tests="4" failures="0" timestamp="16 Apr 2020 04:16:13 GMT" time="19.259" errors="1">
  <testcase name="T002_DashBoardTest" time="0.070" classname="com.htc.orange.testcases.AdminTest">
    <error type="java.lang.NullPointerException">
      <![CDATA[java.lang.NullPointerException
	at org.openqa.selenium.support.ui.ExpectedConditions.elementIfVisible(ExpectedConditions.java:314)
	at org.openqa.selenium.support.ui.ExpectedConditions.access$000(ExpectedConditions.java:43)
	at org.openqa.selenium.support.ui.ExpectedConditions$10.apply(ExpectedConditions.java:300)
	at org.openqa.selenium.support.ui.ExpectedConditions$10.apply(ExpectedConditions.java:297)
	at org.openqa.selenium.support.ui.FluentWait.until(FluentWait.java:249)
	at com.htc.orange.base.BasePage.waitTillElementFound(BasePage.java:144)
	at com.htc.orange.pages.DashboardPage.clickAdmin(DashboardPage.java:36)
	at com.htc.orange.testcases.AdminTest.T002_DashBoardTest(AdminTest.java:35)
	at sun.reflect.NativeMethodAccessorImpl.invoke0(Native Method)
	at sun.reflect.NativeMethodAccessorImpl.invoke(NativeMethodAccessorImpl.java:62)
	at sun.reflect.DelegatingMethodAccessorImpl.invoke(DelegatingMethodAccessorImpl.java:43)
	at java.lang.reflect.Method.invoke(Method.java:498)
	at org.testng.internal.MethodInvocationHelper.invokeMethod(MethodInvocationHelper.java:108)
	at org.testng.internal.Invoker.invokeMethod(Invoker.java:661)
	at org.testng.internal.Invoker.invokeTestMethod(Invoker.java:869)
	at org.testng.internal.Invoker.invokeTestMethods(Invoker.java:1193)
	at org.testng.internal.TestMethodWorker.invokeTestMethods(TestMethodWorker.java:126)
	at org.testng.internal.TestMethodWorker.run(TestMethodWorker.java:109)
	at java.util.concurrent.ThreadPoolExecutor.runWorker(ThreadPoolExecutor.java:1149)
	at java.util.concurrent.ThreadPoolExecutor$Worker.run(ThreadPoolExecutor.java:624)
	at java.lang.Thread.run(Thread.java:748)
]]>
    </error>
  </testcase> <!-- T002_DashBoardTest -->
  <testcase name="T001_loginPageTest" time="19.189" classname="com.htc.orange.testcases.AdminTest"/>
  <testcase name="T003_addUserTest" time="0.000" classname="com.htc.orange.testcases.AdminTest">
    <skipped/>
  </testcase> <!-- T003_addUserTest -->
  <testcase name="T004_searchUserTest" time="0.000" classname="com.htc.orange.testcases.AdminTest">
    <skipped/>
  </testcase> <!-- T004_searchUserTest -->
</testsuite> <!-- com.htc.orange.testcases.AdminTest -->
